[2011-07-29 08:05:57] request.ERROR: Symfony\Component\HttpKernel\Exception\NotFoundHttpException: No route found for "GET /" (uncaught exception) at /var/www/php/symfony/Symfony/vendor/symfony/src/Symfony/Bundle/FrameworkBundle/EventListener/RouterListener.php line 88 [] []
[2011-07-29 08:30:03] request.ERROR: Symfony\Component\HttpKernel\Exception\NotFoundHttpException: No route found for "GET /" (uncaught exception) at /var/www/php/symfony/Symfony/vendor/symfony/src/Symfony/Bundle/FrameworkBundle/EventListener/RouterListener.php line 88 [] []
[2011-07-29 08:44:06] request.ERROR: Symfony\Component\HttpKernel\Exception\NotFoundHttpException: No route found for "GET /blog/" (uncaught exception) at /var/www/php/symfony/Symfony/app/cache/prod/classes.php line 4533 [] []
[2011-07-29 08:44:10] request.ERROR: Symfony\Component\HttpKernel\Exception\NotFoundHttpException: No route found for "GET /" (uncaught exception) at /var/www/php/symfony/Symfony/app/cache/prod/classes.php line 4533 [] []
[2011-07-29 08:44:26] request.ERROR: Symfony\Component\HttpKernel\Exception\NotFoundHttpException: No route found for "GET /" (uncaught exception) at /var/www/php/symfony/Symfony/app/cache/prod/classes.php line 4533 [] []
[2011-07-29 08:44:37] request.ERROR: Symfony\Component\HttpKernel\Exception\NotFoundHttpException: No route found for "GET /blog/" (uncaught exception) at /var/www/php/symfony/Symfony/app/cache/prod/classes.php line 4533 [] []
[2011-07-29 08:57:21] request.ERROR: Symfony\Component\HttpKernel\Exception\NotFoundHttpException: No route found for "GET /blog/10000" (uncaught exception) at /var/www/php/symfony/Symfony/app/cache/prod/classes.php line 4533 [] []
[2011-07-29 08:57:45] request.ERROR: Symfony\Component\HttpKernel\Exception\NotFoundHttpException: No route found for "GET /blog/10000" (uncaught exception) at /var/www/php/symfony/Symfony/app/cache/prod/classes.php line 4533 [] []
[2011-07-29 09:25:45] event.DEBUG: Notified event "kernel.request" to listener "Symfony\Bundle\FrameworkBundle\EventListener\RouterListener::onEarlyKernelRequest". [] []
[2011-07-29 09:25:45] event.DEBUG: Notified event "kernel.request" to listener "Symfony\Bundle\FrameworkBundle\EventListener\SessionListener::onKernelRequest". [] []
[2011-07-29 09:25:45] event.DEBUG: Notified event "kernel.exception" to listener "Symfony\Component\HttpKernel\EventListener\ExceptionListener::onKernelException". [] []
[2011-07-29 09:25:45] request.CRITICAL: ErrorException: Notice: session_start(): ps_files_cleanup_dir: opendir(/var/lib/php5) failed: Permission denied (13) in /var/www/php/symfony/Symfony/app/cache/prod/classes.php line 398 (uncaught exception) at /var/www/php/symfony/Symfony/vendor/symfony/src/Symfony/Component/HttpKernel/Debug/ErrorHandler.php line 65 [] []
[2011-07-29 09:25:45] event.DEBUG: Notified event "kernel.request" to listener "Symfony\Bundle\FrameworkBundle\EventListener\RouterListener::onEarlyKernelRequest". [] []
[2011-07-29 09:25:45] event.DEBUG: Notified event "kernel.request" to listener "Symfony\Bundle\FrameworkBundle\EventListener\SessionListener::onKernelRequest". [] []
[2011-07-29 09:25:45] event.DEBUG: Notified event "kernel.request" to listener "Symfony\Component\Security\Http\Firewall::onKernelRequest". [] []
[2011-07-29 09:25:45] event.DEBUG: Notified event "kernel.request" to listener "Symfony\Bundle\FrameworkBundle\EventListener\RouterListener::onKernelRequest". [] []
[2011-07-29 09:25:45] event.DEBUG: Notified event "kernel.controller" to listener "Sensio\Bundle\FrameworkExtraBundle\EventListener\ControllerListener::onKernelController". [] []
[2011-07-29 09:25:45] event.DEBUG: Notified event "kernel.controller" to listener "Sensio\Bundle\FrameworkExtraBundle\EventListener\ParamConverterListener::onKernelController". [] []
[2011-07-29 09:25:45] event.DEBUG: Notified event "kernel.controller" to listener "Sensio\Bundle\FrameworkExtraBundle\EventListener\TemplateListener::onKernelController". [] []
[2011-07-29 09:25:45] event.DEBUG: Notified event "kernel.controller" to listener "JMS\SecurityExtraBundle\Controller\ControllerListener::onCoreController". [] []
[2011-07-29 09:25:46] event.DEBUG: Notified event "kernel.response" to listener "Symfony\Component\HttpKernel\EventListener\ResponseListener::onKernelResponse". [] []
[2011-07-29 09:25:46] event.DEBUG: Notified event "kernel.response" to listener "Symfony\Bundle\SecurityBundle\EventListener\ResponseListener::onKernelResponse". [] []
[2011-07-29 09:25:46] event.DEBUG: Notified event "kernel.response" to listener "Sensio\Bundle\FrameworkExtraBundle\EventListener\CacheListener::onKernelResponse". [] []
[2011-07-29 09:25:46] event.DEBUG: Listener "Symfony\Component\HttpKernel\EventListener\ExceptionListener::onKernelException" stopped propagation of the event "kernel.exception". [] []
[2011-07-29 09:25:46] event.DEBUG: Notified event "kernel.response" to listener "Symfony\Component\HttpKernel\EventListener\ResponseListener::onKernelResponse". [] []
[2011-07-29 09:25:46] event.DEBUG: Notified event "kernel.response" to listener "Symfony\Bundle\SecurityBundle\EventListener\ResponseListener::onKernelResponse". [] []
[2011-07-29 09:25:46] event.DEBUG: Notified event "kernel.response" to listener "Sensio\Bundle\FrameworkExtraBundle\EventListener\CacheListener::onKernelResponse". [] []
[2011-07-29 09:27:35] event.DEBUG: Notified event "kernel.request" to listener "Symfony\Bundle\FrameworkBundle\EventListener\RouterListener::onEarlyKernelRequest". [] []
[2011-07-29 09:27:35] event.DEBUG: Notified event "kernel.request" to listener "Symfony\Bundle\FrameworkBundle\EventListener\SessionListener::onKernelRequest". [] []
[2011-07-29 09:27:35] event.DEBUG: Notified event "kernel.exception" to listener "Symfony\Component\HttpKernel\EventListener\ExceptionListener::onKernelException". [] []
[2011-07-29 09:27:35] request.CRITICAL: ErrorException: Notice: session_start(): ps_files_cleanup_dir: opendir(/var/lib/php5) failed: Permission denied (13) in /var/www/php/symfony/Symfony/app/cache/prod/classes.php line 398 (uncaught exception) at /var/www/php/symfony/Symfony/vendor/symfony/src/Symfony/Component/HttpKernel/Debug/ErrorHandler.php line 65 [] []
[2011-07-29 09:27:35] event.DEBUG: Notified event "kernel.request" to listener "Symfony\Bundle\FrameworkBundle\EventListener\RouterListener::onEarlyKernelRequest". [] []
[2011-07-29 09:27:35] event.DEBUG: Notified event "kernel.request" to listener "Symfony\Bundle\FrameworkBundle\EventListener\SessionListener::onKernelRequest". [] []
[2011-07-29 09:27:35] event.DEBUG: Notified event "kernel.request" to listener "Symfony\Component\Security\Http\Firewall::onKernelRequest". [] []
[2011-07-29 09:27:35] event.DEBUG: Notified event "kernel.request" to listener "Symfony\Bundle\FrameworkBundle\EventListener\RouterListener::onKernelRequest". [] []
[2011-07-29 09:27:35] event.DEBUG: Notified event "kernel.controller" to listener "Sensio\Bundle\FrameworkExtraBundle\EventListener\ControllerListener::onKernelController". [] []
[2011-07-29 09:27:35] event.DEBUG: Notified event "kernel.controller" to listener "Sensio\Bundle\FrameworkExtraBundle\EventListener\ParamConverterListener::onKernelController". [] []
[2011-07-29 09:27:35] event.DEBUG: Notified event "kernel.controller" to listener "Sensio\Bundle\FrameworkExtraBundle\EventListener\TemplateListener::onKernelController". [] []
[2011-07-29 09:27:35] event.DEBUG: Notified event "kernel.controller" to listener "JMS\SecurityExtraBundle\Controller\ControllerListener::onCoreController". [] []
[2011-07-29 09:27:37] event.DEBUG: Notified event "kernel.response" to listener "Symfony\Component\HttpKernel\EventListener\ResponseListener::onKernelResponse". [] []
[2011-07-29 09:27:37] event.DEBUG: Notified event "kernel.response" to listener "Symfony\Bundle\SecurityBundle\EventListener\ResponseListener::onKernelResponse". [] []
[2011-07-29 09:27:37] event.DEBUG: Notified event "kernel.response" to listener "Sensio\Bundle\FrameworkExtraBundle\EventListener\CacheListener::onKernelResponse". [] []
[2011-07-29 09:27:37] event.DEBUG: Listener "Symfony\Component\HttpKernel\EventListener\ExceptionListener::onKernelException" stopped propagation of the event "kernel.exception". [] []
[2011-07-29 09:27:37] event.DEBUG: Notified event "kernel.response" to listener "Symfony\Component\HttpKernel\EventListener\ResponseListener::onKernelResponse". [] []
[2011-07-29 09:27:37] event.DEBUG: Notified event "kernel.response" to listener "Symfony\Bundle\SecurityBundle\EventListener\ResponseListener::onKernelResponse". [] []
[2011-07-29 09:27:37] event.DEBUG: Notified event "kernel.response" to listener "Sensio\Bundle\FrameworkExtraBundle\EventListener\CacheListener::onKernelResponse". [] []
